<?xml version="1.0" encoding="UTF-8"?>
<robot generator="Robot 4.1.1 (Python 3.10.0 on win32)" generated="20211111 20:32:32.103" rpa="false" schemaversion="2">
<suite id="s1" name="DDTbuiltin" source="C:\Users\amirulcse\PycharmProjects\Robotpractice\TestCases\DDTbuiltin.robot">
<kw name="Start TestCase" library="common" type="SETUP">
<kw name="Open Browser" library="SeleniumLibrary">
<arg>${url}</arg>
<arg>${browser}</arg>
<doc>Opens a new browser instance to the optional ``url``.</doc>
<msg timestamp="20211111 20:32:32.616" level="INFO">Opening browser 'chrome' to base url 'https://www.saucedemo.com/'.</msg>
<status status="PASS" starttime="20211111 20:32:32.615" endtime="20211111 20:32:36.046"/>
</kw>
<kw name="Maximize Browser Window" library="SeleniumLibrary">
<doc>Maximizes current browser window.</doc>
<status status="PASS" starttime="20211111 20:32:36.046" endtime="20211111 20:32:36.175"/>
</kw>
<kw name="Sleep" library="BuiltIn">
<arg>2s</arg>
<doc>Pauses the test executed for the given time.</doc>
<msg timestamp="20211111 20:32:38.189" level="INFO">Slept 2 seconds</msg>
<status status="PASS" starttime="20211111 20:32:36.176" endtime="20211111 20:32:38.189"/>
</kw>
<status status="PASS" starttime="20211111 20:32:32.615" endtime="20211111 20:32:38.189"/>
</kw>
<test id="s1-t1" name="Verify logins with invalid credenticials">
<kw name="Invalid Login scenarios">
<arg>Epic sadface: Username is required</arg>
<kw name="Input Text" library="SeleniumLibrary">
<arg>${txt_usename}</arg>
<arg>${usename}</arg>
<doc>Types the given ``text`` into the text field identified by ``locator``.</doc>
<msg timestamp="20211111 20:32:38.195" level="INFO">Typing text '' into text field 'id:user-name'.</msg>
<status status="PASS" starttime="20211111 20:32:38.195" endtime="20211111 20:32:38.320"/>
</kw>
<kw name="Input Text" library="SeleniumLibrary">
<arg>${txt_password}</arg>
<arg>${password}</arg>
<doc>Types the given ``text`` into the text field identified by ``locator``.</doc>
<msg timestamp="20211111 20:32:38.321" level="INFO">Typing text '' into text field 'id:password'.</msg>
<status status="PASS" starttime="20211111 20:32:38.320" endtime="20211111 20:32:38.444"/>
</kw>
<kw name="Click Button" library="SeleniumLibrary">
<arg>${btn_login}</arg>
<doc>Clicks the button identified by ``locator``.</doc>
<msg timestamp="20211111 20:32:38.445" level="INFO">Clicking button 'id:login-button'.</msg>
<status status="PASS" starttime="20211111 20:32:38.444" endtime="20211111 20:32:38.583"/>
</kw>
<kw name="Sleep" library="BuiltIn">
<arg>2s</arg>
<doc>Pauses the test executed for the given time.</doc>
<msg timestamp="20211111 20:32:40.595" level="INFO">Slept 2 seconds</msg>
<status status="PASS" starttime="20211111 20:32:38.583" endtime="20211111 20:32:40.595"/>
</kw>
<kw name="Element Should Contain" library="SeleniumLibrary">
<arg>${txt_error}</arg>
<arg>${msg_error}</arg>
<doc>Verifies that element ``locator`` contains text ``expected``.</doc>
<msg timestamp="20211111 20:32:40.646" level="INFO">Element 'xpath://*[@id="login_button_container"]/div/form/div[3]/h3' contains text 'Epic sadface: Username is required'.</msg>
<status status="PASS" starttime="20211111 20:32:40.596" endtime="20211111 20:32:40.646"/>
</kw>
<status status="PASS" starttime="20211111 20:32:38.194" endtime="20211111 20:32:40.647"/>
</kw>
<status status="PASS" starttime="20211111 20:32:38.190" endtime="20211111 20:32:40.648"/>
</test>
<test id="s1-t2" name="Verify logins with invalid credenticials">
<kw name="Invalid Login scenarios">
<arg>standard_us</arg>
<arg>secret_sauce</arg>
<arg>Epic sadface: Username and password do not match any user in this service</arg>
<kw name="Input Text" library="SeleniumLibrary">
<arg>${txt_usename}</arg>
<arg>${usename}</arg>
<doc>Types the given ``text`` into the text field identified by ``locator``.</doc>
<msg timestamp="20211111 20:32:40.656" level="INFO">Typing text 'standard_us' into text field 'id:user-name'.</msg>
<status status="PASS" starttime="20211111 20:32:40.655" endtime="20211111 20:32:40.820"/>
</kw>
<kw name="Input Text" library="SeleniumLibrary">
<arg>${txt_password}</arg>
<arg>${password}</arg>
<doc>Types the given ``text`` into the text field identified by ``locator``.</doc>
<msg timestamp="20211111 20:32:40.822" level="INFO">Typing text 'secret_sauce' into text field 'id:password'.</msg>
<status status="PASS" starttime="20211111 20:32:40.821" endtime="20211111 20:32:40.991"/>
</kw>
<kw name="Click Button" library="SeleniumLibrary">
<arg>${btn_login}</arg>
<doc>Clicks the button identified by ``locator``.</doc>
<msg timestamp="20211111 20:32:40.993" level="INFO">Clicking button 'id:login-button'.</msg>
<status status="PASS" starttime="20211111 20:32:40.992" endtime="20211111 20:32:41.060"/>
</kw>
<kw name="Sleep" library="BuiltIn">
<arg>2s</arg>
<doc>Pauses the test executed for the given time.</doc>
<msg timestamp="20211111 20:32:43.063" level="INFO">Slept 2 seconds</msg>
<status status="PASS" starttime="20211111 20:32:41.061" endtime="20211111 20:32:43.063"/>
</kw>
<kw name="Element Should Contain" library="SeleniumLibrary">
<arg>${txt_error}</arg>
<arg>${msg_error}</arg>
<doc>Verifies that element ``locator`` contains text ``expected``.</doc>
<msg timestamp="20211111 20:32:43.091" level="INFO">Element 'xpath://*[@id="login_button_container"]/div/form/div[3]/h3' contains text 'Epic sadface: Username and password do not match any user in this service'.</msg>
<status status="PASS" starttime="20211111 20:32:43.063" endtime="20211111 20:32:43.091"/>
</kw>
<status status="PASS" starttime="20211111 20:32:40.654" endtime="20211111 20:32:43.091"/>
</kw>
<status status="PASS" starttime="20211111 20:32:40.651" endtime="20211111 20:32:43.092"/>
</test>
<test id="s1-t3" name="Verify logins with invalid credenticials">
<kw name="Invalid Login scenarios">
<arg>standard_user</arg>
<arg>secret</arg>
<arg>Epic sadface: Username and password do not match any user in this service</arg>
<kw name="Input Text" library="SeleniumLibrary">
<arg>${txt_usename}</arg>
<arg>${usename}</arg>
<doc>Types the given ``text`` into the text field identified by ``locator``.</doc>
<msg timestamp="20211111 20:32:43.099" level="INFO">Typing text 'standard_user' into text field 'id:user-name'.</msg>
<status status="PASS" starttime="20211111 20:32:43.098" endtime="20211111 20:32:43.278"/>
</kw>
<kw name="Input Text" library="SeleniumLibrary">
<arg>${txt_password}</arg>
<arg>${password}</arg>
<doc>Types the given ``text`` into the text field identified by ``locator``.</doc>
<msg timestamp="20211111 20:32:43.279" level="INFO">Typing text 'secret' into text field 'id:password'.</msg>
<status status="PASS" starttime="20211111 20:32:43.278" endtime="20211111 20:32:43.422"/>
</kw>
<kw name="Click Button" library="SeleniumLibrary">
<arg>${btn_login}</arg>
<doc>Clicks the button identified by ``locator``.</doc>
<msg timestamp="20211111 20:32:43.423" level="INFO">Clicking button 'id:login-button'.</msg>
<status status="PASS" starttime="20211111 20:32:43.422" endtime="20211111 20:32:43.496"/>
</kw>
<kw name="Sleep" library="BuiltIn">
<arg>2s</arg>
<doc>Pauses the test executed for the given time.</doc>
<msg timestamp="20211111 20:32:45.501" level="INFO">Slept 2 seconds</msg>
<status status="PASS" starttime="20211111 20:32:43.496" endtime="20211111 20:32:45.501"/>
</kw>
<kw name="Element Should Contain" library="SeleniumLibrary">
<arg>${txt_error}</arg>
<arg>${msg_error}</arg>
<doc>Verifies that element ``locator`` contains text ``expected``.</doc>
<msg timestamp="20211111 20:32:45.526" level="INFO">Element 'xpath://*[@id="login_button_container"]/div/form/div[3]/h3' contains text 'Epic sadface: Username and password do not match any user in this service'.</msg>
<status status="PASS" starttime="20211111 20:32:45.501" endtime="20211111 20:32:45.526"/>
</kw>
<status status="PASS" starttime="20211111 20:32:43.098" endtime="20211111 20:32:45.527"/>
</kw>
<status status="PASS" starttime="20211111 20:32:43.094" endtime="20211111 20:32:45.527"/>
</test>
<kw name="Finish TestCase" library="common" type="TEARDOWN">
<kw name="Close Browser" library="SeleniumLibrary">
<doc>Closes the current browser.</doc>
<status status="PASS" starttime="20211111 20:32:45.530" endtime="20211111 20:32:47.861"/>
</kw>
<status status="PASS" starttime="20211111 20:32:45.530" endtime="20211111 20:32:47.862"/>
</kw>
<doc>THIS IS INVALOID LOGIN VERIFICATION</doc>
<status status="PASS" starttime="20211111 20:32:32.106" endtime="20211111 20:32:47.862"/>
</suite>
<statistics>
<total>
<stat pass="3" fail="0" skip="0">All Tests</stat>
</total>
<tag>
</tag>
<suite>
<stat pass="3" fail="0" skip="0" id="s1" name="DDTbuiltin">DDTbuiltin</stat>
</suite>
</statistics>
<errors>
<msg timestamp="20211111 20:32:40.650" level="WARN">Multiple test cases with name 'Verify logins with invalid credenticials' executed in test suite 'DDTbuiltin'.</msg>
<msg timestamp="20211111 20:32:43.094" level="WARN">Multiple test cases with name 'Verify logins with invalid credenticials' executed in test suite 'DDTbuiltin'.</msg>
</errors>
</robot>
